
  .   ____          _            __ _ _
 /\\ / ___'_ __ _ _(_)_ __  __ _ \ \ \ \
( ( )\___ | '_ | '_| | '_ \/ _` | \ \ \ \
 \\/  ___)| |_)| | | | | || (_| |  ) ) ) )
  '  |____| .__|_| |_|_| |_\__, | / / / /
 =========|_|==============|___/=/_/_/_/
 :: Spring Boot ::                (v2.6.7)

2022-07-11 08:55:08.892  INFO 12264 --- [           main] c.g.demo.ProyectointegradorApplication   : Starting ProyectointegradorApplication using Java 17.0.2 on MacBook-Pro-de-Gustavo.local with PID 12264 (/Users/gjlobos/Documents/Personal/Capacitacion/DigitalHouse/Trimestre 4/Proyecto Integrador/grupo-11/BackEnd/target/classes started by gjlobos in /Users/gjlobos/Documents/Personal/Capacitacion/DigitalHouse/Trimestre 4/Proyecto Integrador/grupo-11/BackEnd)
2022-07-11 08:55:08.895  INFO 12264 --- [           main] c.g.demo.ProyectointegradorApplication   : The following 1 profile is active: "prod"
2022-07-11 08:55:09.789  INFO 12264 --- [           main] .s.d.r.c.RepositoryConfigurationDelegate : Multiple Spring Data modules found, entering strict repository configuration mode!
2022-07-11 08:55:09.791  INFO 12264 --- [           main] .s.d.r.c.RepositoryConfigurationDelegate : Bootstrapping Spring Data JDBC repositories in DEFAULT mode.
2022-07-11 08:55:09.830  INFO 12264 --- [           main] .RepositoryConfigurationExtensionSupport : Spring Data JDBC - Could not safely identify store assignment for repository candidate interface com.grupo11.demo.repository.ICaracteristicaRepository. If you want this repository to be a JDBC repository, consider annotating your entities with one of these annotations: org.springframework.data.relational.core.mapping.Table.
2022-07-11 08:55:09.831  INFO 12264 --- [           main] .RepositoryConfigurationExtensionSupport : Spring Data JDBC - Could not safely identify store assignment for repository candidate interface com.grupo11.demo.repository.ICategoriaRepository. If you want this repository to be a JDBC repository, consider annotating your entities with one of these annotations: org.springframework.data.relational.core.mapping.Table.
2022-07-11 08:55:09.832  INFO 12264 --- [           main] .RepositoryConfigurationExtensionSupport : Spring Data JDBC - Could not safely identify store assignment for repository candidate interface com.grupo11.demo.repository.ICiudadRepository. If you want this repository to be a JDBC repository, consider annotating your entities with one of these annotations: org.springframework.data.relational.core.mapping.Table.
2022-07-11 08:55:09.833  INFO 12264 --- [           main] .RepositoryConfigurationExtensionSupport : Spring Data JDBC - Could not safely identify store assignment for repository candidate interface com.grupo11.demo.repository.IElementoPoliticaRepository. If you want this repository to be a JDBC repository, consider annotating your entities with one of these annotations: org.springframework.data.relational.core.mapping.Table.
2022-07-11 08:55:09.834  INFO 12264 --- [           main] .RepositoryConfigurationExtensionSupport : Spring Data JDBC - Could not safely identify store assignment for repository candidate interface com.grupo11.demo.repository.IImagenRepository. If you want this repository to be a JDBC repository, consider annotating your entities with one of these annotations: org.springframework.data.relational.core.mapping.Table.
2022-07-11 08:55:09.835  INFO 12264 --- [           main] .RepositoryConfigurationExtensionSupport : Spring Data JDBC - Could not safely identify store assignment for repository candidate interface com.grupo11.demo.repository.IPoliticaRepository. If you want this repository to be a JDBC repository, consider annotating your entities with one of these annotations: org.springframework.data.relational.core.mapping.Table.
2022-07-11 08:55:09.836  INFO 12264 --- [           main] .RepositoryConfigurationExtensionSupport : Spring Data JDBC - Could not safely identify store assignment for repository candidate interface com.grupo11.demo.repository.IProductoRepository. If you want this repository to be a JDBC repository, consider annotating your entities with one of these annotations: org.springframework.data.relational.core.mapping.Table.
2022-07-11 08:55:09.838  INFO 12264 --- [           main] .RepositoryConfigurationExtensionSupport : Spring Data JDBC - Could not safely identify store assignment for repository candidate interface com.grupo11.demo.repository.IReservaRepository. If you want this repository to be a JDBC repository, consider annotating your entities with one of these annotations: org.springframework.data.relational.core.mapping.Table.
2022-07-11 08:55:09.839  INFO 12264 --- [           main] .RepositoryConfigurationExtensionSupport : Spring Data JDBC - Could not safely identify store assignment for repository candidate interface com.grupo11.demo.repository.IRolRepository. If you want this repository to be a JDBC repository, consider annotating your entities with one of these annotations: org.springframework.data.relational.core.mapping.Table.
2022-07-11 08:55:09.840  INFO 12264 --- [           main] .RepositoryConfigurationExtensionSupport : Spring Data JDBC - Could not safely identify store assignment for repository candidate interface com.grupo11.demo.repository.IUsuarioRepository. If you want this repository to be a JDBC repository, consider annotating your entities with one of these annotations: org.springframework.data.relational.core.mapping.Table.
2022-07-11 08:55:09.840  INFO 12264 --- [           main] .s.d.r.c.RepositoryConfigurationDelegate : Finished Spring Data repository scanning in 42 ms. Found 0 JDBC repository interfaces.
2022-07-11 08:55:09.848  INFO 12264 --- [           main] .s.d.r.c.RepositoryConfigurationDelegate : Multiple Spring Data modules found, entering strict repository configuration mode!
2022-07-11 08:55:09.849  INFO 12264 --- [           main] .s.d.r.c.RepositoryConfigurationDelegate : Bootstrapping Spring Data JPA repositories in DEFAULT mode.
2022-07-11 08:55:09.897  INFO 12264 --- [           main] .s.d.r.c.RepositoryConfigurationDelegate : Finished Spring Data repository scanning in 41 ms. Found 10 JPA repository interfaces.
2022-07-11 08:55:10.690  INFO 12264 --- [           main] o.s.b.w.embedded.tomcat.TomcatWebServer  : Tomcat initialized with port(s): 8080 (http)
2022-07-11 08:55:10.705  INFO 12264 --- [           main] o.apache.catalina.core.StandardService   : Starting service [Tomcat]
2022-07-11 08:55:10.705  INFO 12264 --- [           main] org.apache.catalina.core.StandardEngine  : Starting Servlet engine: [Apache Tomcat/9.0.62]
2022-07-11 08:55:10.842  INFO 12264 --- [           main] o.a.c.c.C.[Tomcat].[localhost].[/]       : Initializing Spring embedded WebApplicationContext
2022-07-11 08:55:10.842  INFO 12264 --- [           main] w.s.c.ServletWebServerApplicationContext : Root WebApplicationContext: initialization completed in 1900 ms
2022-07-11 08:55:11.131  INFO 12264 --- [           main] o.hibernate.jpa.internal.util.LogHelper  : HHH000204: Processing PersistenceUnitInfo [name: default]
2022-07-11 08:55:11.195  INFO 12264 --- [           main] org.hibernate.Version                    : HHH000412: Hibernate ORM core version 5.6.8.Final
2022-07-11 08:55:11.432  INFO 12264 --- [           main] o.hibernate.annotations.common.Version   : HCANN000001: Hibernate Commons Annotations {5.1.2.Final}
2022-07-11 08:55:11.551  INFO 12264 --- [           main] com.zaxxer.hikari.HikariDataSource       : HikariPool-1 - Starting...
2022-07-11 08:55:16.115  INFO 12264 --- [           main] com.zaxxer.hikari.HikariDataSource       : HikariPool-1 - Start completed.
2022-07-11 08:55:16.141  INFO 12264 --- [           main] org.hibernate.dialect.Dialect            : HHH000400: Using dialect: org.hibernate.dialect.MySQL8Dialect
2022-07-11 08:55:17.977  INFO 12264 --- [           main] o.h.e.t.j.p.i.JtaPlatformInitiator       : HHH000490: Using JtaPlatform implementation: [org.hibernate.engine.transaction.jta.platform.internal.NoJtaPlatform]
2022-07-11 08:55:17.987  INFO 12264 --- [           main] j.LocalContainerEntityManagerFactoryBean : Initialized JPA EntityManagerFactory for persistence unit 'default'
2022-07-11 08:55:18.552 DEBUG 12264 --- [           main] m.DelegatingMethodSecurityMetadataSource : Caching method [CacheKey[com.grupo11.demo.controller.CaracteristicaController; public org.springframework.http.ResponseEntity com.grupo11.demo.controller.CaracteristicaController.editarCaracteristica(com.grupo11.demo.model.dtos.CaracteristicaDTO)]] with attributes [ROLE_ADMINISTRADOR]
2022-07-11 08:55:18.575 DEBUG 12264 --- [           main] m.DelegatingMethodSecurityMetadataSource : Caching method [CacheKey[com.grupo11.demo.controller.CaracteristicaController; public org.springframework.http.ResponseEntity com.grupo11.demo.controller.CaracteristicaController.eliminar(java.lang.Integer)]] with attributes [ROLE_ADMINISTRADOR]
2022-07-11 08:55:18.576 DEBUG 12264 --- [           main] m.DelegatingMethodSecurityMetadataSource : Caching method [CacheKey[com.grupo11.demo.controller.CaracteristicaController; public org.springframework.http.ResponseEntity com.grupo11.demo.controller.CaracteristicaController.guardar(com.grupo11.demo.model.dtos.CaracteristicaDTO)]] with attributes [ROLE_ADMINISTRADOR]
2022-07-11 08:55:18.606 DEBUG 12264 --- [           main] m.DelegatingMethodSecurityMetadataSource : Caching method [CacheKey[com.grupo11.demo.controller.CategoriaController; public org.springframework.http.ResponseEntity com.grupo11.demo.controller.CategoriaController.editarCategoria(com.grupo11.demo.model.dtos.CategoriaDTO)]] with attributes [ROLE_ADMINISTRADOR]
2022-07-11 08:55:18.607 DEBUG 12264 --- [           main] m.DelegatingMethodSecurityMetadataSource : Caching method [CacheKey[com.grupo11.demo.controller.CategoriaController; public org.springframework.http.ResponseEntity com.grupo11.demo.controller.CategoriaController.eliminar(java.lang.Integer)]] with attributes [ROLE_ADMINISTRADOR]
2022-07-11 08:55:18.607 DEBUG 12264 --- [           main] m.DelegatingMethodSecurityMetadataSource : Caching method [CacheKey[com.grupo11.demo.controller.CategoriaController; public org.springframework.http.ResponseEntity com.grupo11.demo.controller.CategoriaController.guardar(com.grupo11.demo.model.dtos.CategoriaDTO)]] with attributes [ROLE_ADMINISTRADOR]
2022-07-11 08:55:18.632 DEBUG 12264 --- [           main] m.DelegatingMethodSecurityMetadataSource : Caching method [CacheKey[com.grupo11.demo.controller.CiudadController; public org.springframework.http.ResponseEntity com.grupo11.demo.controller.CiudadController.editarCiudad(com.grupo11.demo.model.dtos.CiudadDTO)]] with attributes [ROLE_ADMINISTRADOR]
2022-07-11 08:55:18.633 DEBUG 12264 --- [           main] m.DelegatingMethodSecurityMetadataSource : Caching method [CacheKey[com.grupo11.demo.controller.CiudadController; public org.springframework.http.ResponseEntity com.grupo11.demo.controller.CiudadController.eliminar(java.lang.Integer)]] with attributes [ROLE_ADMINISTRADOR]
2022-07-11 08:55:18.633 DEBUG 12264 --- [           main] m.DelegatingMethodSecurityMetadataSource : Caching method [CacheKey[com.grupo11.demo.controller.CiudadController; public org.springframework.http.ResponseEntity com.grupo11.demo.controller.CiudadController.guardar(com.grupo11.demo.model.dtos.CiudadDTO)]] with attributes [ROLE_ADMINISTRADOR]
2022-07-11 08:55:18.659 DEBUG 12264 --- [           main] m.DelegatingMethodSecurityMetadataSource : Caching method [CacheKey[com.grupo11.demo.controller.ElementoPoliticaController; public org.springframework.http.ResponseEntity com.grupo11.demo.controller.ElementoPoliticaController.editarCategoria(com.grupo11.demo.model.dtos.ElementoPoliticaDTO)]] with attributes [ROLE_ADMINISTRADOR]
2022-07-11 08:55:18.660 DEBUG 12264 --- [           main] m.DelegatingMethodSecurityMetadataSource : Caching method [CacheKey[com.grupo11.demo.controller.ElementoPoliticaController; public org.springframework.http.ResponseEntity com.grupo11.demo.controller.ElementoPoliticaController.eliminar(java.lang.Integer)]] with attributes [ROLE_ADMINISTRADOR]
2022-07-11 08:55:18.661 DEBUG 12264 --- [           main] m.DelegatingMethodSecurityMetadataSource : Caching method [CacheKey[com.grupo11.demo.controller.ElementoPoliticaController; public org.springframework.http.ResponseEntity com.grupo11.demo.controller.ElementoPoliticaController.guardar(com.grupo11.demo.model.dtos.ElementoPoliticaDTO)]] with attributes [ROLE_ADMINISTRADOR]
2022-07-11 08:55:18.688 DEBUG 12264 --- [           main] m.DelegatingMethodSecurityMetadataSource : Caching method [CacheKey[com.grupo11.demo.controller.ImagenController; public org.springframework.http.ResponseEntity com.grupo11.demo.controller.ImagenController.editarImagen(com.grupo11.demo.model.dtos.ImagenDTO)]] with attributes [ROLE_ADMINISTRADOR]
2022-07-11 08:55:18.689 DEBUG 12264 --- [           main] m.DelegatingMethodSecurityMetadataSource : Caching method [CacheKey[com.grupo11.demo.controller.ImagenController; public org.springframework.http.ResponseEntity com.grupo11.demo.controller.ImagenController.eliminar(java.lang.Integer)]] with attributes [ROLE_ADMINISTRADOR]
2022-07-11 08:55:18.689 DEBUG 12264 --- [           main] m.DelegatingMethodSecurityMetadataSource : Caching method [CacheKey[com.grupo11.demo.controller.ImagenController; public org.springframework.http.ResponseEntity com.grupo11.demo.controller.ImagenController.guardar(com.grupo11.demo.model.dtos.ImagenDTO)]] with attributes [ROLE_ADMINISTRADOR]
2022-07-11 08:55:18.713 DEBUG 12264 --- [           main] m.DelegatingMethodSecurityMetadataSource : Caching method [CacheKey[com.grupo11.demo.controller.PoliticaController; public org.springframework.http.ResponseEntity com.grupo11.demo.controller.PoliticaController.editarPolitica(com.grupo11.demo.model.dtos.PoliticaDTO)]] with attributes [ROLE_ADMINISTRADOR]
2022-07-11 08:55:18.714 DEBUG 12264 --- [           main] m.DelegatingMethodSecurityMetadataSource : Caching method [CacheKey[com.grupo11.demo.controller.PoliticaController; public org.springframework.http.ResponseEntity com.grupo11.demo.controller.PoliticaController.eliminar(java.lang.Integer)]] with attributes [ROLE_ADMINISTRADOR]
2022-07-11 08:55:18.714 DEBUG 12264 --- [           main] m.DelegatingMethodSecurityMetadataSource : Caching method [CacheKey[com.grupo11.demo.controller.PoliticaController; public org.springframework.http.ResponseEntity com.grupo11.demo.controller.PoliticaController.guardar(com.grupo11.demo.model.dtos.PoliticaDTO)]] with attributes [ROLE_ADMINISTRADOR]
2022-07-11 08:55:18.836 DEBUG 12264 --- [           main] m.DelegatingMethodSecurityMetadataSource : Caching method [CacheKey[com.grupo11.demo.controller.ProductoController; public org.springframework.http.ResponseEntity com.grupo11.demo.controller.ProductoController.editarProducto(com.grupo11.demo.model.dtos.ProductoDTO)]] with attributes [ROLE_ADMINISTRADOR]
2022-07-11 08:55:18.839 DEBUG 12264 --- [           main] m.DelegatingMethodSecurityMetadataSource : Caching method [CacheKey[com.grupo11.demo.controller.ProductoController; public org.springframework.http.ResponseEntity com.grupo11.demo.controller.ProductoController.listarTodos(org.springframework.data.domain.Pageable,java.lang.String,java.lang.String,java.lang.String,java.lang.String)]] with attributes [ROLE_USUARIO_PRIVADO, ROLE_ADMINISTRADOR, ROLE_SUPER]
2022-07-11 08:55:18.840 DEBUG 12264 --- [           main] m.DelegatingMethodSecurityMetadataSource : Caching method [CacheKey[com.grupo11.demo.controller.ProductoController; public org.springframework.http.ResponseEntity com.grupo11.demo.controller.ProductoController.eliminar(java.lang.Integer)]] with attributes [ROLE_ADMINISTRADOR]
2022-07-11 08:55:18.842 DEBUG 12264 --- [           main] m.DelegatingMethodSecurityMetadataSource : Caching method [CacheKey[com.grupo11.demo.controller.ProductoController; public org.springframework.http.ResponseEntity com.grupo11.demo.controller.ProductoController.guardar(com.grupo11.demo.model.dtos.ProductoDTO)]] with attributes [ROLE_ADMINISTRADOR]
2022-07-11 08:55:18.857 DEBUG 12264 --- [           main] m.DelegatingMethodSecurityMetadataSource : Caching method [CacheKey[com.grupo11.demo.controller.ReservaController; public org.springframework.http.ResponseEntity com.grupo11.demo.controller.ReservaController.editarProducto(com.grupo11.demo.model.dtos.ReservaDTO)]] with attributes [ROLE_USUARIO_PRIVADO, ROLE_ADMINISTRADOR]
2022-07-11 08:55:18.860 DEBUG 12264 --- [           main] m.DelegatingMethodSecurityMetadataSource : Caching method [CacheKey[com.grupo11.demo.controller.ReservaController; public org.springframework.http.ResponseEntity com.grupo11.demo.controller.ReservaController.listarReservasPorUsuario(java.lang.Integer,org.springframework.data.domain.Pageable)]] with attributes [ROLE_USUARIO_PRIVADO]
2022-07-11 08:55:18.861 DEBUG 12264 --- [           main] m.DelegatingMethodSecurityMetadataSource : Caching method [CacheKey[com.grupo11.demo.controller.ReservaController; public org.springframework.http.ResponseEntity com.grupo11.demo.controller.ReservaController.listarTodos(org.springframework.data.domain.Pageable,java.lang.String,java.lang.String)]] with attributes [ROLE_USUARIO_PRIVADO, ROLE_ADMINISTRADOR]
2022-07-11 08:55:18.862 DEBUG 12264 --- [           main] m.DelegatingMethodSecurityMetadataSource : Caching method [CacheKey[com.grupo11.demo.controller.ReservaController; public org.springframework.http.ResponseEntity com.grupo11.demo.controller.ReservaController.eliminar(java.lang.Integer)]] with attributes [ROLE_USUARIO_PRIVADO, ROLE_ADMINISTRADOR]
2022-07-11 08:55:18.863 DEBUG 12264 --- [           main] m.DelegatingMethodSecurityMetadataSource : Caching method [CacheKey[com.grupo11.demo.controller.ReservaController; public org.springframework.http.ResponseEntity com.grupo11.demo.controller.ReservaController.guardar(com.grupo11.demo.model.dtos.ReservaDTO)]] with attributes [ROLE_USUARIO_PRIVADO, ROLE_ADMINISTRADOR]
2022-07-11 08:55:18.910 DEBUG 12264 --- [           main] m.DelegatingMethodSecurityMetadataSource : Caching method [CacheKey[com.grupo11.demo.controller.RolController; public org.springframework.http.ResponseEntity com.grupo11.demo.controller.RolController.editarProducto(com.grupo11.demo.model.dtos.RolDTO)]] with attributes [ROLE_SUPER]
2022-07-11 08:55:18.911 DEBUG 12264 --- [           main] m.DelegatingMethodSecurityMetadataSource : Caching method [CacheKey[com.grupo11.demo.controller.RolController; public java.util.Set com.grupo11.demo.controller.RolController.listarTodos()]] with attributes [ROLE_SUPER]
2022-07-11 08:55:18.911 DEBUG 12264 --- [           main] m.DelegatingMethodSecurityMetadataSource : Caching method [CacheKey[com.grupo11.demo.controller.RolController; public org.springframework.http.ResponseEntity com.grupo11.demo.controller.RolController.eliminar(java.lang.Integer)]] with attributes [ROLE_SUPER]
2022-07-11 08:55:18.911 DEBUG 12264 --- [           main] m.DelegatingMethodSecurityMetadataSource : Caching method [CacheKey[com.grupo11.demo.controller.RolController; public org.springframework.http.ResponseEntity com.grupo11.demo.controller.RolController.guardar(com.grupo11.demo.model.dtos.RolDTO)]] with attributes [ROLE_SUPER]
2022-07-11 08:55:18.911 DEBUG 12264 --- [           main] m.DelegatingMethodSecurityMetadataSource : Caching method [CacheKey[com.grupo11.demo.controller.RolController; public org.springframework.http.ResponseEntity com.grupo11.demo.controller.RolController.buscar(java.lang.Integer)]] with attributes [ROLE_SUPER]
2022-07-11 08:55:19.161  WARN 12264 --- [           main] JpaBaseConfiguration$JpaWebConfiguration : spring.jpa.open-in-view is enabled by default. Therefore, database queries may be performed during view rendering. Explicitly configure spring.jpa.open-in-view to disable this warning
2022-07-11 08:55:19.223 DEBUG 12264 --- [           main] m.DelegatingMethodSecurityMetadataSource : Caching method [CacheKey[com.grupo11.demo.controller.UsuarioController; public org.springframework.http.ResponseEntity com.grupo11.demo.controller.UsuarioController.editarProducto(com.grupo11.demo.model.dtos.UsuarioDTO)]] with attributes [ROLE_USUARIO_PRIVADO, ROLE_SUPER]
2022-07-11 08:55:19.224 DEBUG 12264 --- [           main] m.DelegatingMethodSecurityMetadataSource : Caching method [CacheKey[com.grupo11.demo.controller.UsuarioController; public java.util.Set com.grupo11.demo.controller.UsuarioController.listarTodos()]] with attributes [ROLE_SUPER]
2022-07-11 08:55:19.224 DEBUG 12264 --- [           main] m.DelegatingMethodSecurityMetadataSource : Caching method [CacheKey[com.grupo11.demo.controller.UsuarioController; public org.springframework.http.ResponseEntity com.grupo11.demo.controller.UsuarioController.eliminar(java.lang.Integer)]] with attributes [ROLE_USUARIO_PRIVADO, ROLE_SUPER]
2022-07-11 08:55:19.225 DEBUG 12264 --- [           main] m.DelegatingMethodSecurityMetadataSource : Caching method [CacheKey[com.grupo11.demo.controller.UsuarioController; public org.springframework.http.ResponseEntity com.grupo11.demo.controller.UsuarioController.buscar(java.lang.Integer)]] with attributes [ROLE_USUARIO_PRIVADO, ROLE_SUPER]
2022-07-11 08:55:19.372 DEBUG 12264 --- [           main] edFilterInvocationSecurityMetadataSource : Adding web access control expression [permitAll] for Ant [pattern='/v3/api-docs/**']
2022-07-11 08:55:19.374 DEBUG 12264 --- [           main] edFilterInvocationSecurityMetadataSource : Adding web access control expression [permitAll] for Ant [pattern='/swagger-ui*']
2022-07-11 08:55:19.375 DEBUG 12264 --- [           main] edFilterInvocationSecurityMetadataSource : Adding web access control expression [permitAll] for Ant [pattern='/swagger-ui/**']
2022-07-11 08:55:19.375 DEBUG 12264 --- [           main] edFilterInvocationSecurityMetadataSource : Adding web access control expression [permitAll] for Ant [pattern='/usuarios/authenticate']
2022-07-11 08:55:19.375 DEBUG 12264 --- [           main] edFilterInvocationSecurityMetadataSource : Adding web access control expression [permitAll] for Ant [pattern='/usuarios/registro']
2022-07-11 08:55:19.375 DEBUG 12264 --- [           main] edFilterInvocationSecurityMetadataSource : Adding web access control expression [permitAll] for any request
2022-07-11 08:55:19.389  INFO 12264 --- [           main] o.s.s.web.DefaultSecurityFilterChain     : Will secure any request with [org.springframework.security.web.context.request.async.WebAsyncManagerIntegrationFilter@4560eb15, org.springframework.security.web.context.SecurityContextPersistenceFilter@5ca006ac, org.springframework.security.web.header.HeaderWriterFilter@729d1428, org.springframework.web.filter.CorsFilter@225fb75e, org.springframework.security.web.authentication.logout.LogoutFilter@1c15a6aa, com.grupo11.demo.security.jwt.JwtRequestFilter@34ea86ff, org.springframework.security.web.savedrequest.RequestCacheAwareFilter@1372696b, org.springframework.security.web.servletapi.SecurityContextHolderAwareRequestFilter@73633230, org.springframework.security.web.authentication.AnonymousAuthenticationFilter@61d9dd15, org.springframework.security.web.session.SessionManagementFilter@5039c2cf, org.springframework.security.web.access.ExceptionTranslationFilter@1be3a294, org.springframework.security.web.access.intercept.FilterSecurityInterceptor@16257f8c]
2022-07-11 08:55:20.859  WARN 12264 --- [           main] ConfigServletWebServerApplicationContext : Exception encountered during context initialization - cancelling refresh attempt: org.springframework.beans.factory.BeanCreationException: Error creating bean with name 'jdbcMappingContext' defined in class path resource [org/springframework/boot/autoconfigure/data/jdbc/JdbcRepositoriesAutoConfiguration$SpringBootJdbcConfiguration.class]: Post-processing of merged bean definition failed; nested exception is java.lang.IllegalStateException: Failed to introspect Class [org.springframework.data.jdbc.core.mapping.JdbcMappingContext] from ClassLoader [jdk.internal.loader.ClassLoaders$AppClassLoader@251a69d7]
2022-07-11 08:55:20.863  INFO 12264 --- [           main] j.LocalContainerEntityManagerFactoryBean : Closing JPA EntityManagerFactory for persistence unit 'default'
2022-07-11 08:55:20.865  INFO 12264 --- [           main] com.zaxxer.hikari.HikariDataSource       : HikariPool-1 - Shutdown initiated...
2022-07-11 08:55:24.097  INFO 12264 --- [           main] com.zaxxer.hikari.HikariDataSource       : HikariPool-1 - Shutdown completed.
2022-07-11 08:55:24.100  INFO 12264 --- [           main] o.apache.catalina.core.StandardService   : Stopping service [Tomcat]
2022-07-11 08:55:24.113  INFO 12264 --- [           main] ConditionEvaluationReportLoggingListener : 

Error starting ApplicationContext. To display the conditions report re-run your application with 'debug' enabled.
2022-07-11 08:55:24.139 ERROR 12264 --- [           main] o.s.boot.SpringApplication               : Application run failed

org.springframework.beans.factory.BeanCreationException: Error creating bean with name 'jdbcMappingContext' defined in class path resource [org/springframework/boot/autoconfigure/data/jdbc/JdbcRepositoriesAutoConfiguration$SpringBootJdbcConfiguration.class]: Post-processing of merged bean definition failed; nested exception is java.lang.IllegalStateException: Failed to introspect Class [org.springframework.data.jdbc.core.mapping.JdbcMappingContext] from ClassLoader [jdk.internal.loader.ClassLoaders$AppClassLoader@251a69d7]
	at org.springframework.beans.factory.support.AbstractAutowireCapableBeanFactory.doCreateBean(AbstractAutowireCapableBeanFactory.java:597) ~[spring-beans-5.3.19.jar:5.3.19]
	at org.springframework.beans.factory.support.AbstractAutowireCapableBeanFactory.createBean(AbstractAutowireCapableBeanFactory.java:542) ~[spring-beans-5.3.19.jar:5.3.19]
	at org.springframework.beans.factory.support.AbstractBeanFactory.lambda$doGetBean$0(AbstractBeanFactory.java:335) ~[spring-beans-5.3.19.jar:5.3.19]
	at org.springframework.beans.factory.support.DefaultSingletonBeanRegistry.getSingleton(DefaultSingletonBeanRegistry.java:234) ~[spring-beans-5.3.19.jar:5.3.19]
	at org.springframework.beans.factory.support.AbstractBeanFactory.doGetBean(AbstractBeanFactory.java:333) ~[spring-beans-5.3.19.jar:5.3.19]
	at org.springframework.beans.factory.support.AbstractBeanFactory.getBean(AbstractBeanFactory.java:208) ~[spring-beans-5.3.19.jar:5.3.19]
	at org.springframework.beans.factory.support.DefaultListableBeanFactory.preInstantiateSingletons(DefaultListableBeanFactory.java:953) ~[spring-beans-5.3.19.jar:5.3.19]
	at org.springframework.context.support.AbstractApplicationContext.finishBeanFactoryInitialization(AbstractApplicationContext.java:918) ~[spring-context-5.3.19.jar:5.3.19]
	at org.springframework.context.support.AbstractApplicationContext.refresh(AbstractApplicationContext.java:583) ~[spring-context-5.3.19.jar:5.3.19]
	at org.springframework.boot.web.servlet.context.ServletWebServerApplicationContext.refresh(ServletWebServerApplicationContext.java:145) ~[spring-boot-2.6.7.jar:2.6.7]
	at org.springframework.boot.SpringApplication.refresh(SpringApplication.java:740) ~[spring-boot-2.6.7.jar:2.6.7]
	at org.springframework.boot.SpringApplication.refreshContext(SpringApplication.java:415) ~[spring-boot-2.6.7.jar:2.6.7]
	at org.springframework.boot.SpringApplication.run(SpringApplication.java:303) ~[spring-boot-2.6.7.jar:2.6.7]
	at org.springframework.boot.SpringApplication.run(SpringApplication.java:1312) ~[spring-boot-2.6.7.jar:2.6.7]
	at org.springframework.boot.SpringApplication.run(SpringApplication.java:1301) ~[spring-boot-2.6.7.jar:2.6.7]
	at com.grupo11.demo.ProyectointegradorApplication.main(ProyectointegradorApplication.java:20) ~[classes/:na]
Caused by: java.lang.IllegalStateException: Failed to introspect Class [org.springframework.data.jdbc.core.mapping.JdbcMappingContext] from ClassLoader [jdk.internal.loader.ClassLoaders$AppClassLoader@251a69d7]
	at org.springframework.util.ReflectionUtils.getDeclaredMethods(ReflectionUtils.java:485) ~[spring-core-5.3.19.jar:5.3.19]
	at org.springframework.util.ReflectionUtils.doWithLocalMethods(ReflectionUtils.java:321) ~[spring-core-5.3.19.jar:5.3.19]
	at org.springframework.orm.jpa.support.PersistenceAnnotationBeanPostProcessor.buildPersistenceMetadata(PersistenceAnnotationBeanPostProcessor.java:417) ~[spring-orm-5.3.19.jar:5.3.19]
	at org.springframework.orm.jpa.support.PersistenceAnnotationBeanPostProcessor.findPersistenceMetadata(PersistenceAnnotationBeanPostProcessor.java:388) ~[spring-orm-5.3.19.jar:5.3.19]
	at org.springframework.orm.jpa.support.PersistenceAnnotationBeanPostProcessor.postProcessMergedBeanDefinition(PersistenceAnnotationBeanPostProcessor.java:335) ~[spring-orm-5.3.19.jar:5.3.19]
	at org.springframework.beans.factory.support.AbstractAutowireCapableBeanFactory.applyMergedBeanDefinitionPostProcessors(AbstractAutowireCapableBeanFactory.java:1116) ~[spring-beans-5.3.19.jar:5.3.19]
	at org.springframework.beans.factory.support.AbstractAutowireCapableBeanFactory.doCreateBean(AbstractAutowireCapableBeanFactory.java:594) ~[spring-beans-5.3.19.jar:5.3.19]
	... 15 common frames omitted
Caused by: java.lang.NoClassDefFoundError: org/springframework/data/mapping/Parameter
	at java.base/java.lang.Class.getDeclaredMethods0(Native Method) ~[na:na]
	at java.base/java.lang.Class.privateGetDeclaredMethods(Class.java:3402) ~[na:na]
	at java.base/java.lang.Class.getDeclaredMethods(Class.java:2504) ~[na:na]
	at org.springframework.util.ReflectionUtils.getDeclaredMethods(ReflectionUtils.java:467) ~[spring-core-5.3.19.jar:5.3.19]
	... 21 common frames omitted
Caused by: java.lang.ClassNotFoundException: org.springframework.data.mapping.Parameter
	at java.base/jdk.internal.loader.BuiltinClassLoader.loadClass(BuiltinClassLoader.java:641) ~[na:na]
	at java.base/jdk.internal.loader.ClassLoaders$AppClassLoader.loadClass(ClassLoaders.java:188) ~[na:na]
	at java.base/java.lang.ClassLoader.loadClass(ClassLoader.java:520) ~[na:na]
	... 25 common frames omitted

